<?xml version="1.0" encoding="UTF-8"?>
<!-- Generated by org.testng.reporters.JUnitXMLReporter -->
<testsuite hostname="Neils-MBP.home" name="Default test" tests="3" failures="0" timestamp="22 Jul 2015 08:58:48 GMT" time="8.136" errors="0">
  <testcase name="initDriver" time="2.487" classname="com.selenium.test.base.BaseTestCase"/>
  <testcase name="launchPage" time="1.285" classname="com.selenium.test.base.BaseTestCase"/>
  <testcase name="googleTest" time="4.339" classname="com.selenium.test.base.BaseTestCase"/>
</testsuite> <!-- Default test -->
